0 info it worked if it ends with ok
1 verbose cli [ 'node', '/usr/local/bin/npm', 'start' ]
2 info using npm@1.2.15
3 info using node@v0.10.2
4 verbose read json /Users/davidhsieh/Projects/wcnodejs/package.json
5 warn package.json wcnodejs@0.0.1 No README.md file found!
6 verbose run-script [ 'prestart', 'start', 'poststart' ]
7 info prestart wcnodejs@0.0.1
8 info start wcnodejs@0.0.1
9 verbose unsafe-perm in lifecycle true
10 silly exec sh "-c" "node ./bin/www"
11 silly sh,-c,node ./bin/www,/Users/davidhsieh/Projects/wcnodejs spawning
12 info wcnodejs@0.0.1 Failed to exec start script
13 error wcnodejs@0.0.1 start: `node ./bin/www`
13 error `sh "-c" "node ./bin/www"` failed with 8
14 error Failed at the wcnodejs@0.0.1 start script.
14 error This is most likely a problem with the wcnodejs package,
14 error not with npm itself.
14 error Tell the author that this fails on your system:
14 error     node ./bin/www
14 error You can get their info via:
14 error     npm owner ls wcnodejs
14 error There is likely additional logging output above.
15 error System Darwin 13.2.0
16 error command "node" "/usr/local/bin/npm" "start"
17 error cwd /Users/davidhsieh/Projects/wcnodejs
18 error node -v v0.10.2
19 error npm -v 1.2.15
20 error code ELIFECYCLE
21 verbose exit [ 1, true ]
